Performing C SOURCE FILE Test CMAKE_HAVE_LIBC_PTHREAD failed with the following output:
Change Dir: /root/server/cmake-build-debug/CMakeFiles/CMakeTmp

Run Build Command(s):/usr/bin/gmake -f Makefile cmTC_54fbf/fast && /usr/bin/gmake  -f CMakeFiles/cmTC_54fbf.dir/build.make CMakeFiles/cmTC_54fbf.dir/build
gmake[1]: Entering directory `/root/server/cmake-build-debug/CMakeFiles/CMakeTmp'
Building C object CMakeFiles/cmTC_54fbf.dir/src.c.o
/usr/bin/cc -DCMAKE_HAVE_LIBC_PTHREAD   -o CMakeFiles/cmTC_54fbf.dir/src.c.o -c /root/server/cmake-build-debug/CMakeFiles/CMakeTmp/src.c
Linking C executable cmTC_54fbf
/usr/local/bin/cmake -E cmake_link_script CMakeFiles/cmTC_54fbf.dir/link.txt --verbose=1
/usr/bin/cc CMakeFiles/cmTC_54fbf.dir/src.c.o -o cmTC_54fbf 
CMakeFiles/cmTC_54fbf.dir/src.c.o: In function `main':
src.c:(.text+0x2d): undefined reference to `pthread_create'
src.c:(.text+0x39): undefined reference to `pthread_detach'
src.c:(.text+0x45): undefined reference to `pthread_cancel'
src.c:(.text+0x56): undefined reference to `pthread_join'
src.c:(.text+0x6a): undefined reference to `pthread_atfork'
collect2: error: ld returned 1 exit status
gmake[1]: *** [cmTC_54fbf] Error 1
gmake[1]: Leaving directory `/root/server/cmake-build-debug/CMakeFiles/CMakeTmp'
gmake: *** [cmTC_54fbf/fast] Error 2


Source file was:
#include <pthread.h>

static void* test_func(void* data)
{
  return data;
}

int main(void)
{
  pthread_t thread;
  pthread_create(&thread, NULL, test_func, NULL);
  pthread_detach(thread);
  pthread_cancel(thread);
  pthread_join(thread, NULL);
  pthread_atfork(NULL, NULL, NULL);
  pthread_exit(NULL);

  return 0;
}

Determining if the function pthread_create exists in the pthreads failed with the following output:
Change Dir: /root/server/cmake-build-debug/CMakeFiles/CMakeTmp

Run Build Command(s):/usr/bin/gmake -f Makefile cmTC_38788/fast && /usr/bin/gmake  -f CMakeFiles/cmTC_38788.dir/build.make CMakeFiles/cmTC_38788.dir/build
gmake[1]: Entering directory `/root/server/cmake-build-debug/CMakeFiles/CMakeTmp'
Building C object CMakeFiles/cmTC_38788.dir/CheckFunctionExists.c.o
/usr/bin/cc   -DCHECK_FUNCTION_EXISTS=pthread_create -o CMakeFiles/cmTC_38788.dir/CheckFunctionExists.c.o -c /usr/local/share/cmake-3.23/Modules/CheckFunctionExists.c
Linking C executable cmTC_38788
/usr/local/bin/cmake -E cmake_link_script CMakeFiles/cmTC_38788.dir/link.txt --verbose=1
/usr/bin/cc  -DCHECK_FUNCTION_EXISTS=pthread_create CMakeFiles/cmTC_38788.dir/CheckFunctionExists.c.o -o cmTC_38788  -lpthreads 
/opt/rh/devtoolset-8/root/usr/libexec/gcc/x86_64-redhat-linux/8/ld: cannot find -lpthreads
collect2: error: ld returned 1 exit status
gmake[1]: *** [cmTC_38788] Error 1
gmake[1]: Leaving directory `/root/server/cmake-build-debug/CMakeFiles/CMakeTmp'
gmake: *** [cmTC_38788/fast] Error 2



